<?xml version="1.0" encoding="UTF-8"?>
<!-- Generated by org.testng.reporters.JUnitXMLReporter -->
<testsuite hostname="B1511F1L" name="SanityTests" tests="1" failures="0" timestamp="27 Mar 2016 06:36:45 GMT" time="0.108" errors="0">
  <testcase name="@BeforeMethod beforeMethod" time="0.0" classname="test.java.Framework_001">
    <failure type="org.apache.poi.POIXMLException" message="org.apache.poi.openxml4j.exceptions.InvalidFormatException: Package should contain a content type part [M1.13]">
      <![CDATA[org.apache.poi.POIXMLException: org.apache.poi.openxml4j.exceptions.InvalidFormatException: Package should contain a content type part [M1.13]
	at org.apache.poi.util.PackageHelper.open(PackageHelper.java:39)
	at org.apache.poi.xssf.usermodel.XSSFWorkbook.<init>(XSSFWorkbook.java:274)
	at utility.ExcelUtils.setExcelFile(ExcelUtils.java:21)
	at test.java.Framework_001.beforeMethod(Framework_001.java:49)
	at java.util.concurrent.ThreadPoolExecutor.runWorker(ThreadPoolExecutor.java:1145)
	at java.util.concurrent.ThreadPoolExecutor$Worker.run(ThreadPoolExecutor.java:615)
	at java.lang.Thread.run(Thread.java:744)
Caused by: org.apache.poi.openxml4j.exceptions.InvalidFormatException: Package should contain a content type part [M1.13]
	at org.apache.poi.openxml4j.opc.ZipPackage.getPartsImpl(ZipPackage.java:197)
	at org.apache.poi.openxml4j.opc.OPCPackage.getParts(OPCPackage.java:696)
	at org.apache.poi.openxml4j.opc.OPCPackage.open(OPCPackage.java:280)
	at org.apache.poi.util.PackageHelper.open(PackageHelper.java:37)
	... 18 more
... Removed 12 stack frames]]>
    </failure>
  </testcase> <!-- @BeforeMethod beforeMethod -->
  <testcase name="@AfterMethod afterMethod" time="0.0" classname="test.java.Framework_001">
    <skipped/>
  </testcase> <!-- @AfterMethod afterMethod -->
  <testcase name="test1" time="0.0" classname="test.java.Framework_001">
    <skipped/>
  </testcase> <!-- test1 -->
</testsuite> <!-- SanityTests -->
